<?xml version="1.0" encoding="UTF-8"?>
<!-- Generated by org.testng.reporters.JUnitXMLReporter -->
<testsuite hostname="CBJ-CCC2F-06" ignored="0" name="Default test" tests="5" failures="0" timestamp="15 Jul 2019 02:37:31 GMT" time="3.401" errors="0">
  <testcase name="DeleteTestApi" time="1.54" classname="com.qa.restApiTest.DeleteApiTest"/>
  <testcase name="getApiTest" time="0.325" classname="com.qa.restApiTest.GetApiTest"/>
  <testcase name="getApiTestWithHeader" time="0.335" classname="com.qa.restApiTest.GetApiTest"/>
  <testcase name="newUserPostApiTest" time="1.143" classname="com.qa.restApiTest.PostApiTest"/>
  <testcase name="oldUserUpdateApiTest" time="0.003" classname="com.qa.restApiTest.UpdateApiTest"/>
</testsuite> <!-- Default test -->
