<?xml version="1.0" encoding="UTF-8"?>
<testng-results skipped="0" failed="0" ignored="0" total="5" passed="5">
  <reporter-output>
  </reporter-output>
  <suite name="Default suite" duration-ms="3401" started-at="2019-07-15T02:37:28Z" finished-at="2019-07-15T02:37:31Z">
    <groups>
    </groups>
    <test name="Default test" duration-ms="3401" started-at="2019-07-15T02:37:28Z" finished-at="2019-07-15T02:37:31Z">
      <class name="com.qa.restApiTest.DeleteApiTest">
        <test-method status="PASS" signature="setUp()[pri:0, instance:com.qa.restApiTest.DeleteApiTest@3e6fa38a]" name="setUp" is-config="true" duration-ms="25" started-at="2019-07-15T02:37:28Z" finished-at="2019-07-15T02:37:28Z">
          <reporter-output>
          </reporter-output>
        </test-method> <!-- setUp -->
        <test-method status="PASS" signature="DeleteTestApi()[pri:0, instance:com.qa.restApiTest.DeleteApiTest@3e6fa38a]" name="DeleteTestApi" duration-ms="1540" started-at="2019-07-15T02:37:28Z" finished-at="2019-07-15T02:37:29Z">
          <reporter-output>
          </reporter-output>
        </test-method> <!-- DeleteTestApi -->
      </class> <!-- com.qa.restApiTest.DeleteApiTest -->
      <class name="com.qa.restApiTest.PostApiTest">
        <test-method status="PASS" signature="newUserPostApiTest()[pri:0, instance:com.qa.restApiTest.PostApiTest@66a3ffec]" name="newUserPostApiTest" duration-ms="1143" started-at="2019-07-15T02:37:30Z" finished-at="2019-07-15T02:37:31Z">
          <reporter-output>
          </reporter-output>
        </test-method> <!-- newUserPostApiTest -->
        <test-method status="PASS" signature="setUp()[pri:0, instance:com.qa.restApiTest.PostApiTest@66a3ffec]" name="setUp" is-config="true" duration-ms="0" started-at="2019-07-15T02:37:30Z" finished-at="2019-07-15T02:37:30Z">
          <reporter-output>
          </reporter-output>
        </test-method> <!-- setUp -->
      </class> <!-- com.qa.restApiTest.PostApiTest -->
      <class name="com.qa.restApiTest.GetApiTest">
        <test-method status="PASS" signature="setUp()[pri:0, instance:com.qa.restApiTest.GetApiTest@77caeb3e]" name="setUp" is-config="true" duration-ms="1" started-at="2019-07-15T02:37:29Z" finished-at="2019-07-15T02:37:29Z">
          <reporter-output>
          </reporter-output>
        </test-method> <!-- setUp -->
        <test-method status="PASS" signature="getApiTest()[pri:0, instance:com.qa.restApiTest.GetApiTest@77caeb3e]" name="getApiTest" duration-ms="325" started-at="2019-07-15T02:37:29Z" finished-at="2019-07-15T02:37:30Z">
          <reporter-output>
          </reporter-output>
        </test-method> <!-- getApiTest -->
        <test-method status="PASS" signature="setUp()[pri:0, instance:com.qa.restApiTest.GetApiTest@77caeb3e]" name="setUp" is-config="true" duration-ms="1" started-at="2019-07-15T02:37:30Z" finished-at="2019-07-15T02:37:30Z">
          <reporter-output>
          </reporter-output>
        </test-method> <!-- setUp -->
        <test-method status="PASS" signature="getApiTestWithHeader()[pri:0, instance:com.qa.restApiTest.GetApiTest@77caeb3e]" name="getApiTestWithHeader" duration-ms="335" started-at="2019-07-15T02:37:30Z" finished-at="2019-07-15T02:37:30Z">
          <reporter-output>
          </reporter-output>
        </test-method> <!-- getApiTestWithHeader -->
      </class> <!-- com.qa.restApiTest.GetApiTest -->
      <class name="com.qa.restApiTest.UpdateApiTest">
        <test-method status="PASS" signature="setUp()[pri:0, instance:com.qa.restApiTest.UpdateApiTest@1e88b3c]" name="setUp" is-config="true" duration-ms="0" started-at="2019-07-15T02:37:31Z" finished-at="2019-07-15T02:37:31Z">
          <reporter-output>
          </reporter-output>
        </test-method> <!-- setUp -->
        <test-method status="PASS" signature="oldUserUpdateApiTest()[pri:0, instance:com.qa.restApiTest.UpdateApiTest@1e88b3c]" name="oldUserUpdateApiTest" duration-ms="3" started-at="2019-07-15T02:37:31Z" finished-at="2019-07-15T02:37:31Z">
          <reporter-output>
          </reporter-output>
        </test-method> <!-- oldUserUpdateApiTest -->
      </class> <!-- com.qa.restApiTest.UpdateApiTest -->
    </test> <!-- Default test -->
  </suite> <!-- Default suite -->
</testng-results>
